<?xml version="1.0" encoding="UTF-8"?>
<!-- Generated by org.testng.reporters.JUnitXMLReporter -->
<testsuite ignored="0" hostname="LAPTOP-5713D38N" failures="0" tests="2" name="EventsPage" time="32.847" errors="0" timestamp="2020-06-20T19:02:27 PDT">
  <testcase classname="zwiftProject.zwiftProjectSample.eventPageTest" name="validateEventsPageLoad" time="0.012"/>
  <testcase classname="zwiftProject.zwiftProjectSample.eventPageTest" name="validateEventPageDropdowns" time="24.143"/>
</testsuite> <!-- EventsPage -->
