<?xml version="1.0" encoding="UTF-8"?>
<!-- Generated by org.testng.reporters.JUnitXMLReporter -->
<testsuite ignored="0" hostname="LAPTOP-5713D38N" failures="0" tests="3" name="HomePage" time="14.461" errors="0" timestamp="2020-06-21T16:17:12 PDT">
  <testcase classname="zwiftProject.zwiftProjectSample.homePageTest" name="validateHomePageLoad" time="0.013"/>
  <testcase classname="zwiftProject.zwiftProjectSample.homePageTest" name="validatePageTitle" time="0.801"/>
  <testcase classname="zwiftProject.zwiftProjectSample.homePageTest" name="EventsNavigationbar" time="1.83"/>
</testsuite> <!-- HomePage -->
