<?xml version="1.0" encoding="UTF-8"?>
<!-- Generated by org.testng.reporters.JUnitXMLReporter -->
<testsuite ignored="0" hostname="LAPTOP-5713D38N" failures="0" tests="4" name="Test" time="38.822" errors="0" timestamp="2020-06-20T18:38:36 PDT">
  <testcase classname="zwiftProject.zwiftProjectSample.homePageTest" name="validateHomePageLoad" time="2.331"/>
  <testcase classname="zwiftProject.zwiftProjectSample.homePageTest" name="validateEventsNavigationbar" time="0.532"/>
  <testcase classname="zwiftProject.zwiftProjectSample.eventPageTest" name="validateEventsPageLoad" time="0.026"/>
  <testcase classname="zwiftProject.zwiftProjectSample.eventPageTest" name="validateEventPageDropdowns" time="19.729"/>
</testsuite> <!-- Test -->
