<?xml version="1.0" encoding="UTF-8"?>
<testng-results ignored="0" total="5" passed="5" failed="0" skipped="0">
  <reporter-output>
  </reporter-output>
  <suite started-at="2020-06-21T23:00:51 PDT" name="Suite" finished-at="2020-06-21T23:01:16 PDT" duration-ms="24645">
    <groups>
    </groups>
    <test started-at="2020-06-21T23:00:51 PDT" name="HomePage" finished-at="2020-06-21T23:01:02 PDT" duration-ms="10446">
      <class name="zwiftProject.zwiftProjectSample.homePageTest">
        <test-method is-config="true" signature="initialize()[pri:0, instance:zwiftProject.zwiftProjectSample.homePageTest@41fecb8b]" started-at="2020-06-21T23:00:51 PDT" name="initialize" finished-at="2020-06-21T23:00:57 PDT" duration-ms="5363" status="PASS">
          <reporter-output>
          </reporter-output>
        </test-method> <!-- initialize -->
        <test-method signature="validateHomePageLoad()[pri:0, instance:zwiftProject.zwiftProjectSample.homePageTest@41fecb8b]" started-at="2020-06-21T23:00:57 PDT" name="validateHomePageLoad" finished-at="2020-06-21T23:00:57 PDT" duration-ms="6" status="PASS">
          <reporter-output>
          </reporter-output>
        </test-method> <!-- validateHomePageLoad -->
        <test-method signature="validatePageTitle()[pri:1, instance:zwiftProject.zwiftProjectSample.homePageTest@41fecb8b]" started-at="2020-06-21T23:00:57 PDT" name="validatePageTitle" finished-at="2020-06-21T23:01:00 PDT" duration-ms="3126" status="PASS">
          <reporter-output>
          </reporter-output>
        </test-method> <!-- validatePageTitle -->
        <test-method signature="EventsNavigationbar()[pri:2, instance:zwiftProject.zwiftProjectSample.homePageTest@41fecb8b]" started-at="2020-06-21T23:01:00 PDT" name="EventsNavigationbar" finished-at="2020-06-21T23:01:02 PDT" duration-ms="1814" status="PASS">
          <reporter-output>
          </reporter-output>
        </test-method> <!-- EventsNavigationbar -->
        <test-method is-config="true" signature="teardown()[pri:0, instance:zwiftProject.zwiftProjectSample.homePageTest@41fecb8b]" started-at="2020-06-21T23:01:02 PDT" name="teardown" finished-at="2020-06-21T23:01:02 PDT" duration-ms="111" status="PASS">
          <reporter-output>
          </reporter-output>
        </test-method> <!-- teardown -->
      </class> <!-- zwiftProject.zwiftProjectSample.homePageTest -->
    </test> <!-- HomePage -->
    <test started-at="2020-06-21T23:01:02 PDT" name="EventPage" finished-at="2020-06-21T23:01:16 PDT" duration-ms="14186">
      <class name="zwiftProject.zwiftProjectSample.eventPageTest">
        <test-method is-config="true" signature="intialize()[pri:0, instance:zwiftProject.zwiftProjectSample.eventPageTest@33990a0c]" started-at="2020-06-21T23:01:02 PDT" name="intialize" finished-at="2020-06-21T23:01:09 PDT" duration-ms="7333" status="PASS">
          <reporter-output>
          </reporter-output>
        </test-method> <!-- intialize -->
        <test-method signature="validateDropdownEvents()[pri:0, instance:zwiftProject.zwiftProjectSample.eventPageTest@33990a0c]" started-at="2020-06-21T23:01:09 PDT" name="validateDropdownEvents" finished-at="2020-06-21T23:01:16 PDT" duration-ms="6744" status="PASS">
          <reporter-output>
          </reporter-output>
        </test-method> <!-- validateDropdownEvents -->
        <test-method signature="validateEventsPageLoad()[pri:0, instance:zwiftProject.zwiftProjectSample.eventPageTest@33990a0c]" started-at="2020-06-21T23:01:16 PDT" name="validateEventsPageLoad" finished-at="2020-06-21T23:01:16 PDT" duration-ms="1" status="PASS">
          <reporter-output>
          </reporter-output>
        </test-method> <!-- validateEventsPageLoad -->
        <test-method is-config="true" signature="teardown()[pri:0, instance:zwiftProject.zwiftProjectSample.eventPageTest@33990a0c]" started-at="2020-06-21T23:01:16 PDT" name="teardown" finished-at="2020-06-21T23:01:16 PDT" duration-ms="106" status="PASS">
          <reporter-output>
          </reporter-output>
        </test-method> <!-- teardown -->
      </class> <!-- zwiftProject.zwiftProjectSample.eventPageTest -->
    </test> <!-- EventPage -->
  </suite> <!-- Suite -->
</testng-results>
